<?xml version="1.0" encoding="UTF-8"?>
<!-- Generated by org.testng.reporters.JUnitReportReporter -->
<testsuite hostname="DESKTOP-EMKECK1" failures="0" tests="3" name="testScripts.AdminUsersTest" time="19.779" errors="0" timestamp="2025-10-17T19:05:44 IST" skipped="0">
  <testcase classname="testScripts.AdminUsersTest" name="verifyUserIsAbleToSearchUser" time="6.285"/>
  <testcase classname="testScripts.AdminUsersTest" name="verifyUserIsAbleToAddNewUser" time="6.049"/>
  <testcase classname="testScripts.AdminUsersTest" name="verifyUserIsAbleToReset" time="7.445"/>
</testsuite> <!-- testScripts.AdminUsersTest -->
