<?xml version="1.0" encoding="UTF-8"?>
<!-- Generated by org.testng.reporters.JUnitReportReporter -->
<testsuite hostname="DESKTOP-EMKECK1" failures="0" tests="3" name="testScripts.AdminUsersTest" time="19.080" errors="0" timestamp="2025-10-17T16:29:22 IST" skipped="0">
  <testcase classname="testScripts.AdminUsersTest" name="verifyUserIsAbleToAddNewUser" time="6.245"/>
  <testcase classname="testScripts.AdminUsersTest" name="verifyUserIsAbleToReset" time="7.252"/>
  <testcase classname="testScripts.AdminUsersTest" name="verifyUserIsAbleToSearchUser" time="5.583"/>
</testsuite> <!-- testScripts.AdminUsersTest -->
