<?xml version="1.0" encoding="UTF-8"?>
<!-- Generated by org.testng.reporters.JUnitReportReporter -->
<testsuite hostname="DESKTOP-EMKECK1" failures="0" tests="2" name="testScripts.LoginTest" time="5.508" errors="0" timestamp="2025-10-11T23:39:44 IST" skipped="0">
  <testcase classname="testScripts.LoginTest" name="verifyWheteherUserisAbleToLoginWithInvalidCredentials" time="2.439"/>
  <testcase classname="testScripts.LoginTest" name="verifyWheteherUserisAbleToLoginWithInvalidCredentials" time="3.069"/>
</testsuite> <!-- testScripts.LoginTest -->
