<?xml version="1.0" encoding="UTF-8"?>
<!-- Generated by org.testng.reporters.JUnitReportReporter -->
<testsuite hostname="DESKTOP-EMKECK1" failures="0" tests="2" name="testScripts.ManageNewsTest" time="13.431" errors="0" timestamp="2025-10-17T16:29:22 IST" skipped="0">
  <testcase classname="testScripts.ManageNewsTest" name="verifyWhetherUserIsAbleToAddNewNews" time="8.376"/>
  <testcase classname="testScripts.ManageNewsTest" name="verifyWhetherUserIsAbleToSearchAddedNews" time="5.055"/>
</testsuite> <!-- testScripts.ManageNewsTest -->
