<?xml version="1.0" encoding="UTF-8"?>
<!-- Generated by org.testng.reporters.JUnitReportReporter -->
<testsuite hostname="DESKTOP-EMKECK1" failures="0" tests="1" name="testScripts.HomeTest" time="4.844" errors="0" timestamp="2025-10-17T19:05:44 IST" skipped="0">
  <testcase classname="testScripts.HomeTest" name="verifyLogoutUponClickingLogout" time="4.844"/>
</testsuite> <!-- testScripts.HomeTest -->
