<?xml version="1.0" encoding="UTF-8"?>
<!-- Generated by org.testng.reporters.JUnitReportReporter -->
<testsuite hostname="DESKTOP-EMKECK1" failures="0" tests="1" name="testScripts.HomeTest" time="8.984" errors="0" timestamp="2025-10-08T10:37:47 IST" skipped="0">
  <testcase classname="testScripts.HomeTest" name="verifyLogoutUponClickingLogout" time="8.984"/>
</testsuite> <!-- testScripts.HomeTest -->
