<?xml version="1.0" encoding="UTF-8"?>
<!-- Generated by org.testng.reporters.JUnitReportReporter -->
<testsuite hostname="DESKTOP-EMKECK1" failures="0" tests="1" name="testScripts.LoginTest" time="5.307" errors="0" timestamp="2025-10-08T18:42:06 IST" skipped="0">
  <testcase classname="testScripts.LoginTest" name="verifyWheterUserisAbleToLoginWithValidCredentials" time="5.307"/>
</testsuite> <!-- testScripts.LoginTest -->
