<?xml version="1.0" encoding="UTF-8"?>
<!-- Generated by org.testng.reporters.JUnitReportReporter -->
<testsuite hostname="DESKTOP-EMKECK1" failures="0" tests="1" name="testScripts.HomeTest" time="6.236" errors="0" timestamp="2025-10-03T17:41:10 IST" skipped="0">
  <testcase classname="testScripts.HomeTest" name="verifyLogoutUponClickingLogout" time="6.236"/>
</testsuite> <!-- testScripts.HomeTest -->
