<?xml version="1.0" encoding="UTF-8"?>
<!-- Generated by org.testng.reporters.JUnitReportReporter -->
<testsuite hostname="DESKTOP-EMKECK1" failures="0" tests="1" name="testScripts.LoginTest" time="4.970" errors="0" timestamp="2025-10-08T10:38:22 IST" skipped="0">
  <testcase classname="testScripts.LoginTest" name="verifyWheterUserisAbleToLoginWithValidCredentials" time="4.970"/>
</testsuite> <!-- testScripts.LoginTest -->
