<?xml version="1.0" encoding="UTF-8"?>
<!-- Generated by org.testng.reporters.JUnitReportReporter -->
<testsuite hostname="DESKTOP-EMKECK1" failures="0" tests="1" name="testScripts.HomeTest" time="10.676" errors="0" timestamp="2025-10-10T18:58:14 IST" skipped="0">
  <testcase classname="testScripts.HomeTest" name="verifyLogoutUponClickingLogout" time="10.676"/>
</testsuite> <!-- testScripts.HomeTest -->
