<?xml version="1.0" encoding="UTF-8"?>
<!-- Generated by org.testng.reporters.JUnitReportReporter -->
<testsuite hostname="DESKTOP-EMKECK1" failures="0" tests="1" name="testScripts.LoginTest" time="5.725" errors="0" timestamp="2025-09-30T21:27:35 IST" skipped="0">
  <testcase classname="testScripts.LoginTest" name="verifyWheterUserisAbleToLoginWithValidCredentials" time="5.725"/>
</testsuite> <!-- testScripts.LoginTest -->
